<?xml version="1.0" encoding="UTF-8"?>
<!-- Generated by org.testng.reporters.JUnitReportReporter -->
<testsuite hostname="DESKTOP-Q9GQ119" failures="0" tests="3" name="runner.SenarioRunner" time="108.493" errors="0" timestamp="2023-11-15T01:24:06 PST" skipped="0">
  <testcase classname="runner.SenarioRunner" name="runScenario" time="41.775"/>
  <system-out/>
  <testcase classname="runner.SenarioRunner" name="runScenario" time="38.452"/>
  <system-out/>
  <testcase classname="runner.SenarioRunner" name="runScenario" time="28.266"/>
  <system-out/>
</testsuite> <!-- runner.SenarioRunner -->
