<?xml version="1.0" encoding="UTF-8"?>
<!-- Generated by org.testng.reporters.JUnitReportReporter -->
<testsuite hostname="DESKTOP-Q9GQ119" failures="0" tests="1" name="runner.AppRunner" time="44.178" errors="0" timestamp="2023-11-09T09:20:31 PST" skipped="0">
  <testcase classname="runner.AppRunner" name="runScenario" time="44.178"/>
  <system-out/>
</testsuite> <!-- runner.AppRunner -->
