<?xml version="1.0" encoding="UTF-8"?>
<!-- Generated by org.testng.reporters.JUnitReportReporter -->
<testsuite hostname="DESKTOP-Q9GQ119" failures="0" tests="2" name="runner.DataTableRunner" time="64.584" errors="0" timestamp="2024-01-09T03:30:03 PST" skipped="0">
  <testcase classname="runner.DataTableRunner" name="runScenario" time="25.223"/>
  <system-out/>
  <testcase classname="runner.DataTableRunner" name="runScenario" time="39.361"/>
  <system-out/>
</testsuite> <!-- runner.DataTableRunner -->
